<?xml version="1.0" encoding="UTF-8"?>
<testsuite name="automation.AppTest" time="0.007" tests="1" errors="1" skipped="0" failures="0">
  <properties>
[...]
</properties>
  <testcase name="Test mechanism" classname="Test mechanism" time="0.007">
    <error message="1" type="java.lang.ArrayIndexOutOfBoundsException">java.lang.ArrayIndexOutOfBoundsException: 1
	at ru.yandex.qatools.allure.cucumberjvm.AllureRunListener.testSuiteStarted(AllureRunListener.java:183)
	at ru.yandex.qatools.allure.cucumberjvm.AllureRunListener.getSuiteUid(AllureRunListener.java:321)
	at ru.yandex.qatools.allure.cucumberjvm.AllureRunListener.testStarted(AllureRunListener.java:259)
	at org.junit.runner.notification.SynchronizedRunListener.testStarted(SynchronizedRunListener.java:49)
	at org.junit.runner.notification.RunNotifier$3.notifyListener(RunNotifier.java:121)
	at org.junit.runner.notification.RunNotifier$SafeNotifier.run(RunNotifier.java:72)
	at org.junit.runner.notification.RunNotifier.fireTestStarted(RunNotifier.java:118)
	at org.junit.internal.runners.model.EachTestNotifier.fireTestStarted(EachTestNotifier.java:42)
	at org.junit.runners.ParentRunner.runLeaf(ParentRunner.java:323)
	at org.junit.runners.BlockJUnit4ClassRunner.runChild(BlockJUnit4ClassRunner.java:78)
	at org.junit.runners.BlockJUnit4ClassRunner.runChild(BlockJUnit4ClassRunner.java:57)
	at org.junit.runners.ParentRunner$3.run(ParentRunner.java:290)
	at org.junit.runners.ParentRunner$1.schedule(ParentRunner.java:71)
	at org.junit.runners.ParentRunner.runChildren(ParentRunner.java:288)
	at org.junit.runners.ParentRunner.access$000(ParentRunner.java:58)
	at org.junit.runners.ParentRunner$2.evaluate(ParentRunner.java:268)
	at org.junit.runners.ParentRunner.run(ParentRunner.java:363)
	at org.junit.runners.Suite.runChild(Suite.java:128)
	at org.junit.runners.Suite.runChild(Suite.java:27)
	at org.junit.runners.ParentRunner$3.run(ParentRunner.java:290)
	at org.junit.runners.ParentRunner$1.schedule(ParentRunner.java:71)
	at org.junit.runners.ParentRunner.runChildren(ParentRunner.java:288)
	at org.junit.runners.ParentRunner.access$000(ParentRunner.java:58)
	at org.junit.runners.ParentRunner$2.evaluate(ParentRunner.java:268)
	at org.junit.runners.ParentRunner.run(ParentRunner.java:363)
	at org.junit.runner.JUnitCore.run(JUnitCore.java:137)
	at org.junit.runner.JUnitCore.run(JUnitCore.java:115)
	at org.apache.maven.surefire.junitcore.JUnitCoreWrapper.createRequestAndRun(JUnitCoreWrapper.java:108)
	at org.apache.maven.surefire.junitcore.JUnitCoreWrapper.executeEager(JUnitCoreWrapper.java:78)
	at org.apache.maven.surefire.junitcore.JUnitCoreWrapper.execute(JUnitCoreWrapper.java:54)
	at org.apache.maven.surefire.junitcore.JUnitCoreProvider.invoke(JUnitCoreProvider.java:144)
	at org.apache.maven.surefire.booter.ForkedBooter.invokeProviderInSameClassLoader(ForkedBooter.java:203)
	at org.apache.maven.surefire.booter.ForkedBooter.runSuitesInProcess(ForkedBooter.java:155)
	at org.apache.maven.surefire.booter.ForkedBooter.main(ForkedBooter.java:103)
</error>
    <system-out><![CDATA[
  @heroku
  Scenario Outline: Verify invalid email on registration                                &amp#27;[90m# heroku.feature:17&amp#27;[0m
    &amp#27;[33mWhen &amp#27;[0m&amp#27;[33mI enter name as "testuser" email as test@test@test.com password as "test12345"&amp#27;[0m
    &amp#27;[36mAnd &amp#27;[0m&amp#27;[36mI click 'submit' button&amp#27;[0m                                                         &amp#27;[90m# HerokuSD.i_click_submit_button()&amp#27;[0m
    &amp#27;[36mThen &amp#27;[0m&amp#27;[36mI verify invalid email address&amp#27;[0m                                                 &amp#27;[90m# HerokuSD.i_verify_invalid_email_address()&amp#27;[0m

2 Scenarios (&amp#27;[33m2 undefined&amp#27;[0m)
8 Steps (&amp#27;[36m4 skipped&amp#27;[0m, &amp#27;[33m2 undefined&amp#27;[0m, &amp#27;[32m2 passed&amp#27;[0m)
0m6.411s


You can implement missing steps with the snippets below:

@When("^I enter name as \"([^\"]*)\" email as test\\.com password as \"([^\"]*)\"$")
public void iEnterNameAsEmailAsTestComPasswordAs(String arg1, String arg2) throws Throwable {
    // Write code here that turns the phrase above into concrete actions
    throw new PendingException();
}

@When("^I enter name as \"([^\"]*)\" email as test@test@test\\.com password as \"([^\"]*)\"$")
public void iEnterNameAsEmailAsTestTestTestComPasswordAs(String arg1, String arg2) throws Throwable {
    // Write code here that turns the phrase above into concrete actions
    throw new PendingException();
}

]]></system-out>
  </testcase>
</testsuite>